2022-10-16 10:50:42,671 INFO com.demo.StartWebApplication [restartedMain] Starting StartWebApplication on DESKTOP-7D8MS1B with PID 15076 (E:\CodeBase\Spring_Boot\spring_boot_SLF4j_Logback\target\classes started by dell in E:\CodeBase\Spring_Boot\spring_boot_SLF4j_Logback)
2022-10-16 10:50:42,675 INFO com.demo.StartWebApplication [restartedMain] No active profile set, falling back to default profiles: default
2022-10-16 10:50:46,394 INFO org.apache.catalina.core.StandardService [restartedMain] Starting service [Tomcat]
2022-10-16 10:50:46,395 INFO org.apache.catalina.core.StandardEngine [restartedMain] Starting Servlet engine: [Apache Tomcat/9.0.14]
2022-10-16 10:50:46,419 INFO org.apache.catalina.core.AprLifecycleListener [restartedMain] The APR based Apache Tomcat Native library which allows optimal performance in production environments was not found on the java.library.path: [E:\Java\jdk1.8.0_321\bin;C:\WINDOWS\Sun\Java\bin;C:\WINDOWS\system32;C:\WINDOWS;C:\WINDOWS\system32;C:\WINDOWS;C:\WINDOWS\System32\Wbem;C:\WINDOWS\System32\WindowsPowerShell\v1.0\;C:\WINDOWS\System32\OpenSSH\;C:\Program Files\Git\cmd;C:\Program Files\Docker\Docker\resources\bin;C:\ProgramData\DockerDesktop\version-bin;C:\Program Files\nodejs\;C:\Program Files\PuTTY\;C:\Users\dell\AppData\Local\Microsoft\WindowsApps;"C:\Users\dell\AppData\Local\Google\Cloud SDK\google-cloud-sdk\bin;E:\Softwares\apache-maven-3.8.4-bin\apache-maven-3.8.4\bin";E:\Softwares\apache-maven-3.8.4-bin\apache-maven-3.8.4\bin;E:\Java\jdk1.8.0_321\bin;C:\Users\dell\AppData\Roaming\npm;E:\Microsoft VS Code\bin;C:\Users\dell\AppData\Local\GitHubDesktop\bin;.]
2022-10-16 10:50:46,585 INFO org.apache.catalina.core.ContainerBase.[Tomcat].[localhost].[/] [restartedMain] Initializing Spring embedded WebApplicationContext
2022-10-16 10:50:47,918 INFO com.demo.StartWebApplication [restartedMain] Started StartWebApplication in 15.777 seconds (JVM running for 17.105)
2022-10-16 10:56:36,644 INFO com.demo.StartWebApplication [restartedMain] Starting StartWebApplication on DESKTOP-7D8MS1B with PID 15076 (E:\CodeBase\Spring_Boot\spring_boot_SLF4j_Logback\target\classes started by dell in E:\CodeBase\Spring_Boot\spring_boot_SLF4j_Logback)
2022-10-16 10:56:36,644 DEBUG com.demo.StartWebApplication [restartedMain] Running with Spring Boot v2.1.2.RELEASE, Spring v5.1.4.RELEASE
2022-10-16 10:56:36,645 INFO com.demo.StartWebApplication [restartedMain] No active profile set, falling back to default profiles: default
2022-10-16 10:56:37,194 INFO org.apache.catalina.core.StandardService [restartedMain] Starting service [Tomcat]
2022-10-16 10:56:37,195 INFO org.apache.catalina.core.StandardEngine [restartedMain] Starting Servlet engine: [Apache Tomcat/9.0.14]
2022-10-16 10:56:37,231 INFO org.apache.catalina.core.ContainerBase.[Tomcat].[localhost].[/] [restartedMain] Initializing Spring embedded WebApplicationContext
2022-10-16 10:56:37,514 INFO com.demo.StartWebApplication [restartedMain] Started StartWebApplication in 0.92 seconds (JVM running for 366.701)
2022-10-16 10:57:06,408 INFO com.demo.StartWebApplication [restartedMain] Starting StartWebApplication on DESKTOP-7D8MS1B with PID 15076 (E:\CodeBase\Spring_Boot\spring_boot_SLF4j_Logback\target\classes started by dell in E:\CodeBase\Spring_Boot\spring_boot_SLF4j_Logback)
2022-10-16 10:57:06,408 DEBUG com.demo.StartWebApplication [restartedMain] Running with Spring Boot v2.1.2.RELEASE, Spring v5.1.4.RELEASE
2022-10-16 10:57:06,409 INFO com.demo.StartWebApplication [restartedMain] No active profile set, falling back to default profiles: default
2022-10-16 10:57:06,875 INFO org.apache.catalina.core.StandardService [restartedMain] Starting service [Tomcat]
2022-10-16 10:57:06,877 INFO org.apache.catalina.core.StandardEngine [restartedMain] Starting Servlet engine: [Apache Tomcat/9.0.14]
2022-10-16 10:57:06,915 INFO org.apache.catalina.core.ContainerBase.[Tomcat].[localhost].[/] [restartedMain] Initializing Spring embedded WebApplicationContext
2022-10-16 10:57:07,142 INFO com.demo.StartWebApplication [restartedMain] Started StartWebApplication in 0.778 seconds (JVM running for 396.329)
2022-10-16 10:58:00,317 INFO com.demo.StartWebApplication [restartedMain] Starting StartWebApplication on DESKTOP-7D8MS1B with PID 15076 (E:\CodeBase\Spring_Boot\spring_boot_SLF4j_Logback\target\classes started by dell in E:\CodeBase\Spring_Boot\spring_boot_SLF4j_Logback)
2022-10-16 10:58:00,317 DEBUG com.demo.StartWebApplication [restartedMain] Running with Spring Boot v2.1.2.RELEASE, Spring v5.1.4.RELEASE
2022-10-16 10:58:00,318 INFO com.demo.StartWebApplication [restartedMain] No active profile set, falling back to default profiles: default
2022-10-16 10:58:01,320 INFO org.apache.catalina.core.StandardService [restartedMain] Starting service [Tomcat]
2022-10-16 10:58:01,322 INFO org.apache.catalina.core.StandardEngine [restartedMain] Starting Servlet engine: [Apache Tomcat/9.0.14]
2022-10-16 10:58:01,403 INFO org.apache.catalina.core.ContainerBase.[Tomcat].[localhost].[/] [restartedMain] Initializing Spring embedded WebApplicationContext
2022-10-16 10:58:01,739 INFO com.demo.StartWebApplication [restartedMain] Started StartWebApplication in 1.472 seconds (JVM running for 450.926)
